  Engine.cpp
D:\Programming\Computer_Graphics\Practice2\Practice2\Renderer\Graphic.h(8,10): warning C4067: unexpected tokens following preprocessor directive - expected a newline
  (compiling source file 'Renderer/Engine.cpp')
  
D:\Programming\Computer_Graphics\Practice2\Practice2\Renderer\Engine.cpp(20,11): warning C4244: 'initializing': conversion from 'double' to 'float', possible loss of data
D:\Programming\Computer_Graphics\Practice2\Practice2\Renderer\Engine.cpp(34,86): warning C4244: 'argument': conversion from 'double' to 'float', possible loss of data
D:\Programming\Computer_Graphics\Practice2\Practice2\Renderer\Engine.cpp(39,28): warning C4305: 'initializing': truncation from 'double' to 'float'
  Graphic.cpp
D:\Programming\Computer_Graphics\Practice2\Practice2\Renderer\Graphic.h(8,10): warning C4067: unexpected tokens following preprocessor directive - expected a newline
  (compiling source file 'Renderer/Graphic.cpp')
  
D:\Programming\Computer_Graphics\Practice2\Practice2\Renderer\Graphic.cpp(245,23): warning C4244: '=': conversion from 'int' to 'FLOAT', possible loss of data
D:\Programming\Computer_Graphics\Practice2\Practice2\Renderer\Graphic.cpp(246,24): warning C4244: '=': conversion from 'int' to 'FLOAT', possible loss of data
D:\Programming\Computer_Graphics\Practice2\Practice2\Renderer\Graphic.cpp(381,58): warning C4305: 'argument': truncation from 'double' to 'float'
D:\Programming\Computer_Graphics\Practice2\Practice2\Renderer\Graphic.cpp(382,37): warning C4305: 'argument': truncation from 'double' to 'float'
  RenderWindow.cpp
D:\Programming\Computer_Graphics\Practice2\Practice2\Renderer\Graphic.h(8,10): warning C4067: unexpected tokens following preprocessor directive - expected a newline
  (compiling source file 'Renderer/RenderWindow.cpp')
  
  WindowContainer.cpp
D:\Programming\Computer_Graphics\Practice2\Practice2\Renderer\Graphic.h(8,10): warning C4067: unexpected tokens following preprocessor directive - expected a newline
  (compiling source file 'Renderer/WindowContainer.cpp')
  
  Source.cpp
D:\Programming\Computer_Graphics\Practice2\Practice2\Renderer\Graphic.h(8,10): warning C4067: unexpected tokens following preprocessor directive - expected a newline
  (compiling source file 'Source.cpp')
  
  Generating Code...
  Practice2.vcxproj -> D:\Programming\Computer_Graphics\Practice2\Debug\Practice2.exe
